Netgen 1.5.282 compiled on Mon Oct 14 15:57:36 +08 2024
Warning: netgen command 'format' use fully-qualified name '::netgen::format'
Warning: netgen command 'global' use fully-qualified name '::netgen::global'
Reading netlist file /home/tiredcrab/MSIB/opamp/pmos.ext.spc
Call to undefined subcircuit sky130_fd_pr__pfet_01v8
Creating placeholder cell definition.
Reading netlist file /home/tiredcrab/MSIB/opamp/pmos.sch.spc
Call to undefined subcircuit sky130_fd_pr__pfet_01v8
Creating placeholder cell definition.

Reading setup file /home/tiredcrab/pdk/sky130A/libs.tech/netgen/sky130A_setup.tcl

Model sky130_fd_pr__pfet_01v8 pin 1 == 3
No property mult found for device sky130_fd_pr__pfet_01v8
No property sa found for device sky130_fd_pr__pfet_01v8
No property sb found for device sky130_fd_pr__pfet_01v8
No property sd found for device sky130_fd_pr__pfet_01v8
No property nf found for device sky130_fd_pr__pfet_01v8
No property nrd found for device sky130_fd_pr__pfet_01v8
No property nrs found for device sky130_fd_pr__pfet_01v8
No property area found for device sky130_fd_pr__pfet_01v8
No property perim found for device sky130_fd_pr__pfet_01v8
No property topography found for device sky130_fd_pr__pfet_01v8
Model sky130_fd_pr__pfet_01v8 pin 1 == 3
No property as found for device sky130_fd_pr__pfet_01v8
No property ad found for device sky130_fd_pr__pfet_01v8
No property ps found for device sky130_fd_pr__pfet_01v8
No property pd found for device sky130_fd_pr__pfet_01v8
No property mult found for device sky130_fd_pr__pfet_01v8
No property sa found for device sky130_fd_pr__pfet_01v8
No property sb found for device sky130_fd_pr__pfet_01v8
No property sd found for device sky130_fd_pr__pfet_01v8
No property nrd found for device sky130_fd_pr__pfet_01v8
No property nrs found for device sky130_fd_pr__pfet_01v8
No property area found for device sky130_fd_pr__pfet_01v8
No property perim found for device sky130_fd_pr__pfet_01v8
No property topography found for device sky130_fd_pr__pfet_01v8
Comparison output logged to file /home/tiredcrab/MSIB/opamp/pmos.lvs.out
Logging to file "/home/tiredcrab/MSIB/opamp/pmos.lvs.out" enabled
Circuit sky130_fd_pr__pfet_01v8 contains no devices.

Contents of circuit 1:  Circuit: 'pmos'
Circuit pmos contains 16 device instances.
  Class: sky130_fd_pr__pfet_01v8 instances:  16
Circuit contains 1 nets.
Contents of circuit 2:  Circuit: 'pmos'
Circuit pmos contains 8 device instances.
  Class: sky130_fd_pr__pfet_01v8 instances:   8
Circuit contains 17 nets, and 1 disconnected pin.

Circuit was modified by parallel/series device merging.
New circuit summary:

Contents of circuit 1:  Circuit: 'pmos'
Circuit pmos contains 1 device instances.
  Class: sky130_fd_pr__pfet_01v8 instances:   1
Circuit contains 1 nets.
Contents of circuit 2:  Circuit: 'pmos'
Circuit pmos contains 7 device instances.
  Class: sky130_fd_pr__pfet_01v8 instances:   7
Circuit contains 17 nets, and 1 disconnected pin.

Circuit 1 contains 1 devices, Circuit 2 contains 7 devices. *** MISMATCH ***
Circuit 1 contains 1 nets,    Circuit 2 contains 16 nets. *** MISMATCH ***


Final result: 
Top level cell failed pin matching.

Logging to file "/home/tiredcrab/MSIB/opamp/pmos.lvs.out" disabled
LVS Done.
